<?xml version="1.0" encoding="UTF-8"?>
<testng-results ignored="0" total="1" passed="1" failed="0" skipped="0">
  <reporter-output>
  </reporter-output>
  <suite started-at="2024-11-14T17:55:09 IST" name="Default suite" finished-at="2024-11-14T17:55:11 IST" duration-ms="1997">
    <groups>
    </groups>
    <test started-at="2024-11-14T17:55:09 IST" name="Default test" finished-at="2024-11-14T17:55:11 IST" duration-ms="1997">
      <class name="frameworkAPITest.frameworkAPITestCases.GetCurrentPrice">
        <test-method signature="testGetCurrentPrice()[pri:0, instance:frameworkAPITest.frameworkAPITestCases.GetCurrentPrice@6340e5f0]" started-at="2024-11-14T17:55:09 IST" name="testGetCurrentPrice" finished-at="2024-11-14T17:55:11 IST" duration-ms="1945" status="PASS">
          <reporter-output>
          </reporter-output>
        </test-method> <!-- testGetCurrentPrice -->
      </class> <!-- frameworkAPITest.frameworkAPITestCases.GetCurrentPrice -->
    </test> <!-- Default test -->
  </suite> <!-- Default suite -->
</testng-results>
